2026-07-01 06:45:22,329 - C:\IR-colorization-BAH2026\output - INFO - Processing product: LC09_L2SP_146044_20260701_20260701_02_T1
2026-07-01 06:45:22,330 - C:\IR-colorization-BAH2026\output - INFO - Running: python C:\IR-colorization-BAH2026\scripts\merge_rgb.py C:\IR-colorization-BAH2026\input\LC09_L2SP_146044_20260701_20260701_02_T1\LC09_L2SP_146044_20260701_20260701_02_T1_B4.TIF C:\IR-colorization-BAH2026\input\LC09_L2SP_146044_20260701_20260701_02_T1\LC09_L2SP_146044_20260701_20260701_02_T1_B3.TIF C:\IR-colorization-BAH2026\input\LC09_L2SP_146044_20260701_20260701_02_T1\LC09_L2SP_146044_20260701_20260701_02_T1_B2.TIF C:\IR-colorization-BAH2026\output\rgb_images\LC09_L2SP_146044_20260701_20260701_02_T1_rgb_30m.tif
2026-07-01 06:45:24,339 - C:\IR-colorization-BAH2026\output - INFO - Running: python C:\IR-colorization-BAH2026\scripts\downscale.py C:\IR-colorization-BAH2026\output\rgb_images\LC09_L2SP_146044_20260701_20260701_02_T1_rgb_30m.tif C:\IR-colorization-BAH2026\output\downscaled_data\LC09_L2SP_146044_20260701_20260701_02_T1_rgb_100m.tif 3.33
2026-07-01 06:45:24,595 - C:\IR-colorization-BAH2026\output - INFO - Running: python C:\IR-colorization-BAH2026\scripts\downscale.py C:\IR-colorization-BAH2026\input\LC09_L2SP_146044_20260701_20260701_02_T1\LC09_L2SP_146044_20260701_20260701_02_T1_B10.TIF C:\IR-colorization-BAH2026\output\downscaled_data\LC09_L2SP_146044_20260701_20260701_02_T1_tir_100m.tif 3.33
2026-07-01 06:45:24,817 - C:\IR-colorization-BAH2026\output - INFO - Running: python C:\IR-colorization-BAH2026\scripts\downscale.py C:\IR-colorization-BAH2026\input\LC09_L2SP_146044_20260701_20260701_02_T1\LC09_L2SP_146044_20260701_20260701_02_T1_B10.TIF C:\IR-colorization-BAH2026\output\downscaled_data\LC09_L2SP_146044_20260701_20260701_02_T1_tir_200m.tif 6.67
2026-07-01 06:45:25,038 - C:\IR-colorization-BAH2026\output - INFO - Running: python C:\IR-colorization-BAH2026\scripts\create_patches.py --input_dir C:\IR-colorization-BAH2026\output\downscaled_data --output_dir C:\IR-colorization-BAH2026\output\patches
2026-07-01 06:45:25,564 - C:\IR-colorization-BAH2026\output - WARNING - STDERR from create_patches.py:
2026-07-01 06:45:25,211 - C:\IR-colorization-BAH2026\output\patches - INFO - Found 1 products in C:\IR-colorization-BAH2026\output\downscaled_data
2026-07-01 06:45:25,258 - C:\IR-colorization-BAH2026\output\patches - INFO - Generating full dataset patches for LC09...
2026-07-01 06:45:25,540 - C:\IR-colorization-BAH2026\output\patches - INFO - Successfully created 4 samples for LC09.

2026-07-01 06:45:25,564 - C:\IR-colorization-BAH2026\output - INFO - Successfully generated dataset samples for LC09_L2SP_146044_20260701_20260701_02_T1
2026-07-01 06:45:25,564 - C:\IR-colorization-BAH2026\output - INFO - Dataset generation finished. Samples available in output/patches
2026-07-01 08:37:01,984 - C:\IR-colorization-BAH2026\output - INFO - Processing product: LC09_L2SP_146044_20260701_20260701_02_T1
2026-07-01 08:37:01,986 - C:\IR-colorization-BAH2026\output - INFO - Running: python C:\IR-colorization-BAH2026\scripts\merge_rgb.py C:\IR-colorization-BAH2026\input\LC09_L2SP_146044_20260701_20260701_02_T1\LC09_L2SP_146044_20260701_20260701_02_T1_B4.TIF C:\IR-colorization-BAH2026\input\LC09_L2SP_146044_20260701_20260701_02_T1\LC09_L2SP_146044_20260701_20260701_02_T1_B3.TIF C:\IR-colorization-BAH2026\input\LC09_L2SP_146044_20260701_20260701_02_T1\LC09_L2SP_146044_20260701_20260701_02_T1_B2.TIF C:\IR-colorization-BAH2026\output\rgb_images\LC09_L2SP_146044_20260701_20260701_02_T1_rgb_30m.tif
2026-07-01 08:37:04,410 - C:\IR-colorization-BAH2026\output - INFO - Running: python C:\IR-colorization-BAH2026\scripts\downscale.py C:\IR-colorization-BAH2026\output\rgb_images\LC09_L2SP_146044_20260701_20260701_02_T1_rgb_30m.tif C:\IR-colorization-BAH2026\output\downscaled_data\LC09_L2SP_146044_20260701_20260701_02_T1_rgb_100m.tif 3.33
2026-07-01 08:37:04,709 - C:\IR-colorization-BAH2026\output - INFO - Running: python C:\IR-colorization-BAH2026\scripts\downscale.py C:\IR-colorization-BAH2026\input\LC09_L2SP_146044_20260701_20260701_02_T1\LC09_L2SP_146044_20260701_20260701_02_T1_B10.TIF C:\IR-colorization-BAH2026\output\downscaled_data\LC09_L2SP_146044_20260701_20260701_02_T1_tir_100m.tif 3.33
2026-07-01 08:37:04,959 - C:\IR-colorization-BAH2026\output - INFO - Running: python C:\IR-colorization-BAH2026\scripts\downscale.py C:\IR-colorization-BAH2026\input\LC09_L2SP_146044_20260701_20260701_02_T1\LC09_L2SP_146044_20260701_20260701_02_T1_B10.TIF C:\IR-colorization-BAH2026\output\downscaled_data\LC09_L2SP_146044_20260701_20260701_02_T1_tir_200m.tif 6.67
2026-07-01 08:37:05,192 - C:\IR-colorization-BAH2026\output - INFO - Running: python C:\IR-colorization-BAH2026\scripts\create_patches.py --input_dir C:\IR-colorization-BAH2026\output\downscaled_data --output_dir C:\IR-colorization-BAH2026\output\patches
2026-07-01 08:37:05,975 - C:\IR-colorization-BAH2026\output - WARNING - STDERR from create_patches.py:
2026-07-01 08:37:05,384 - C:\IR-colorization-BAH2026\output\patches - INFO - Found 1 products in C:\IR-colorization-BAH2026\output\downscaled_data
2026-07-01 08:37:05,427 - C:\IR-colorization-BAH2026\output\patches - INFO - Generating full dataset patches for LC09...
2026-07-01 08:37:05,701 - C:\IR-colorization-BAH2026\output\patches - INFO - Successfully created 4 samples for LC09.

2026-07-01 08:37:05,976 - C:\IR-colorization-BAH2026\output - INFO - Successfully generated dataset samples for LC09_L2SP_146044_20260701_20260701_02_T1
2026-07-01 08:37:05,976 - C:\IR-colorization-BAH2026\output - INFO - Dataset generation finished. Samples available in output/patches
2026-07-01 08:37:19,282 - C:\IR-colorization-BAH2026\output - INFO - Processing product: LC09_L2SP_146044_20260701_20260701_02_T1
2026-07-01 08:37:19,283 - C:\IR-colorization-BAH2026\output - INFO - Running: python C:\IR-colorization-BAH2026\scripts\merge_rgb.py C:\IR-colorization-BAH2026\input\LC09_L2SP_146044_20260701_20260701_02_T1\LC09_L2SP_146044_20260701_20260701_02_T1_B4.TIF C:\IR-colorization-BAH2026\input\LC09_L2SP_146044_20260701_20260701_02_T1\LC09_L2SP_146044_20260701_20260701_02_T1_B3.TIF C:\IR-colorization-BAH2026\input\LC09_L2SP_146044_20260701_20260701_02_T1\LC09_L2SP_146044_20260701_20260701_02_T1_B2.TIF C:\IR-colorization-BAH2026\output\rgb_images\LC09_L2SP_146044_20260701_20260701_02_T1_rgb_30m.tif
2026-07-01 08:37:20,732 - C:\IR-colorization-BAH2026\output - ERROR - Error running merge_rgb.py: Command '['python', 'C:\\IR-colorization-BAH2026\\scripts\\merge_rgb.py', 'C:\\IR-colorization-BAH2026\\input\\LC09_L2SP_146044_20260701_20260701_02_T1\\LC09_L2SP_146044_20260701_20260701_02_T1_B4.TIF', 'C:\\IR-colorization-BAH2026\\input\\LC09_L2SP_146044_20260701_20260701_02_T1\\LC09_L2SP_146044_20260701_20260701_02_T1_B3.TIF', 'C:\\IR-colorization-BAH2026\\input\\LC09_L2SP_146044_20260701_20260701_02_T1\\LC09_L2SP_146044_20260701_20260701_02_T1_B2.TIF', 'C:\\IR-colorization-BAH2026\\output\\rgb_images\\LC09_L2SP_146044_20260701_20260701_02_T1_rgb_30m.tif']' returned non-zero exit status 1.
2026-07-01 08:37:20,732 - C:\IR-colorization-BAH2026\output - ERROR - STDOUT: 
2026-07-01 08:37:20,732 - C:\IR-colorization-BAH2026\output - ERROR - STDERR: Error merging RGB bands: [Errno 22] Invalid argument: 'C:\\IR-colorization-BAH2026\\output\\rgb_images\\png\\LC09_L2SP_146044_20260701_20260701_02_T1_rgb_30m.png'

2026-07-01 08:37:20,732 - C:\IR-colorization-BAH2026\output - ERROR - Error processing LC09_L2SP_146044_20260701_20260701_02_T1: Command '['python', 'C:\\IR-colorization-BAH2026\\scripts\\merge_rgb.py', 'C:\\IR-colorization-BAH2026\\input\\LC09_L2SP_146044_20260701_20260701_02_T1\\LC09_L2SP_146044_20260701_20260701_02_T1_B4.TIF', 'C:\\IR-colorization-BAH2026\\input\\LC09_L2SP_146044_20260701_20260701_02_T1\\LC09_L2SP_146044_20260701_20260701_02_T1_B3.TIF', 'C:\\IR-colorization-BAH2026\\input\\LC09_L2SP_146044_20260701_20260701_02_T1\\LC09_L2SP_146044_20260701_20260701_02_T1_B2.TIF', 'C:\\IR-colorization-BAH2026\\output\\rgb_images\\LC09_L2SP_146044_20260701_20260701_02_T1_rgb_30m.tif']' returned non-zero exit status 1.
2026-07-01 08:37:20,732 - C:\IR-colorization-BAH2026\output - INFO - Dataset generation finished. Samples available in output/patches
2026-07-01 08:37:58,357 - C:\IR-colorization-BAH2026\output - INFO - Processing product: LC09_L2SP_146044_20260701_20260701_02_T1
2026-07-01 08:37:58,358 - C:\IR-colorization-BAH2026\output - INFO - Running: python C:\IR-colorization-BAH2026\scripts\merge_rgb.py C:\IR-colorization-BAH2026\input\LC09_L2SP_146044_20260701_20260701_02_T1\LC09_L2SP_146044_20260701_20260701_02_T1_B4.TIF C:\IR-colorization-BAH2026\input\LC09_L2SP_146044_20260701_20260701_02_T1\LC09_L2SP_146044_20260701_20260701_02_T1_B3.TIF C:\IR-colorization-BAH2026\input\LC09_L2SP_146044_20260701_20260701_02_T1\LC09_L2SP_146044_20260701_20260701_02_T1_B2.TIF C:\IR-colorization-BAH2026\output\rgb_images\LC09_L2SP_146044_20260701_20260701_02_T1_rgb_30m.tif
2026-07-01 08:38:00,184 - C:\IR-colorization-BAH2026\output - INFO - Running: python C:\IR-colorization-BAH2026\scripts\downscale.py C:\IR-colorization-BAH2026\output\rgb_images\LC09_L2SP_146044_20260701_20260701_02_T1_rgb_30m.tif C:\IR-colorization-BAH2026\output\downscaled_data\LC09_L2SP_146044_20260701_20260701_02_T1_rgb_100m.tif 3.33
2026-07-01 08:38:00,480 - C:\IR-colorization-BAH2026\output - INFO - Running: python C:\IR-colorization-BAH2026\scripts\downscale.py C:\IR-colorization-BAH2026\input\LC09_L2SP_146044_20260701_20260701_02_T1\LC09_L2SP_146044_20260701_20260701_02_T1_B10.TIF C:\IR-colorization-BAH2026\output\downscaled_data\LC09_L2SP_146044_20260701_20260701_02_T1_tir_100m.tif 3.33
2026-07-01 08:38:00,721 - C:\IR-colorization-BAH2026\output - INFO - Running: python C:\IR-colorization-BAH2026\scripts\downscale.py C:\IR-colorization-BAH2026\input\LC09_L2SP_146044_20260701_20260701_02_T1\LC09_L2SP_146044_20260701_20260701_02_T1_B10.TIF C:\IR-colorization-BAH2026\output\downscaled_data\LC09_L2SP_146044_20260701_20260701_02_T1_tir_200m.tif 6.67
2026-07-01 08:38:00,948 - C:\IR-colorization-BAH2026\output - INFO - Running: python C:\IR-colorization-BAH2026\scripts\create_patches.py --input_dir C:\IR-colorization-BAH2026\output\downscaled_data --output_dir C:\IR-colorization-BAH2026\output\patches
2026-07-01 08:38:01,479 - C:\IR-colorization-BAH2026\output - WARNING - STDERR from create_patches.py:
2026-07-01 08:38:01,139 - C:\IR-colorization-BAH2026\output\patches - INFO - Found 1 products in C:\IR-colorization-BAH2026\output\downscaled_data
2026-07-01 08:38:01,192 - C:\IR-colorization-BAH2026\output\patches - INFO - Generating full dataset patches for LC09...
2026-07-01 08:38:01,454 - C:\IR-colorization-BAH2026\output\patches - INFO - Successfully created 4 samples for LC09.

2026-07-01 08:38:01,479 - C:\IR-colorization-BAH2026\output - INFO - Successfully generated dataset samples for LC09_L2SP_146044_20260701_20260701_02_T1
2026-07-01 08:38:01,479 - C:\IR-colorization-BAH2026\output - INFO - Dataset generation finished. Samples available in output/patches
2026-07-01 08:38:04,466 - C:\IR-colorization-BAH2026\output - INFO - Processing product: LC09_L2SP_146044_20260701_20260701_02_T1
2026-07-01 08:38:04,466 - C:\IR-colorization-BAH2026\output - INFO - Running: python C:\IR-colorization-BAH2026\scripts\merge_rgb.py C:\IR-colorization-BAH2026\input\LC09_L2SP_146044_20260701_20260701_02_T1\LC09_L2SP_146044_20260701_20260701_02_T1_B4.TIF C:\IR-colorization-BAH2026\input\LC09_L2SP_146044_20260701_20260701_02_T1\LC09_L2SP_146044_20260701_20260701_02_T1_B3.TIF C:\IR-colorization-BAH2026\input\LC09_L2SP_146044_20260701_20260701_02_T1\LC09_L2SP_146044_20260701_20260701_02_T1_B2.TIF C:\IR-colorization-BAH2026\output\rgb_images\LC09_L2SP_146044_20260701_20260701_02_T1_rgb_30m.tif
2026-07-01 08:38:06,273 - C:\IR-colorization-BAH2026\output - INFO - Running: python C:\IR-colorization-BAH2026\scripts\downscale.py C:\IR-colorization-BAH2026\output\rgb_images\LC09_L2SP_146044_20260701_20260701_02_T1_rgb_30m.tif C:\IR-colorization-BAH2026\output\downscaled_data\LC09_L2SP_146044_20260701_20260701_02_T1_rgb_100m.tif 3.33
2026-07-01 08:38:06,550 - C:\IR-colorization-BAH2026\output - INFO - Running: python C:\IR-colorization-BAH2026\scripts\downscale.py C:\IR-colorization-BAH2026\input\LC09_L2SP_146044_20260701_20260701_02_T1\LC09_L2SP_146044_20260701_20260701_02_T1_B10.TIF C:\IR-colorization-BAH2026\output\downscaled_data\LC09_L2SP_146044_20260701_20260701_02_T1_tir_100m.tif 3.33
2026-07-01 08:38:06,774 - C:\IR-colorization-BAH2026\output - INFO - Running: python C:\IR-colorization-BAH2026\scripts\downscale.py C:\IR-colorization-BAH2026\input\LC09_L2SP_146044_20260701_20260701_02_T1\LC09_L2SP_146044_20260701_20260701_02_T1_B10.TIF C:\IR-colorization-BAH2026\output\downscaled_data\LC09_L2SP_146044_20260701_20260701_02_T1_tir_200m.tif 6.67
2026-07-01 08:38:07,043 - C:\IR-colorization-BAH2026\output - INFO - Running: python C:\IR-colorization-BAH2026\scripts\create_patches.py --input_dir C:\IR-colorization-BAH2026\output\downscaled_data --output_dir C:\IR-colorization-BAH2026\output\patches
2026-07-01 08:38:07,552 - C:\IR-colorization-BAH2026\output - WARNING - STDERR from create_patches.py:
2026-07-01 08:38:07,221 - C:\IR-colorization-BAH2026\output\patches - INFO - Found 1 products in C:\IR-colorization-BAH2026\output\downscaled_data
2026-07-01 08:38:07,266 - C:\IR-colorization-BAH2026\output\patches - INFO - Generating full dataset patches for LC09...
2026-07-01 08:38:07,528 - C:\IR-colorization-BAH2026\output\patches - INFO - Successfully created 4 samples for LC09.

2026-07-01 08:38:07,552 - C:\IR-colorization-BAH2026\output - INFO - Successfully generated dataset samples for LC09_L2SP_146044_20260701_20260701_02_T1
2026-07-01 08:38:07,552 - C:\IR-colorization-BAH2026\output - INFO - Dataset generation finished. Samples available in output/patches
